  Game.cpp
D:\VelocityVortex\Track.h(67,37): warning C4244: '+=': conversion from 'double' to 'float', possible loss of data
  (compiling source file 'Game.cpp')
  
D:\VelocityVortex\Track.h(79,25): warning C4244: 'initializing': conversion from 'float' to 'int', possible loss of data
  (compiling source file 'Game.cpp')
  
D:\VelocityVortex\Track.h(80,23): warning C4244: 'initializing': conversion from 'float' to 'int', possible loss of data
  (compiling source file 'Game.cpp')
  
D:\VelocityVortex\Track.h(81,25): warning C4244: 'initializing': conversion from 'float' to 'int', possible loss of data
  (compiling source file 'Game.cpp')
  
D:\VelocityVortex\Track.h(82,23): warning C4244: 'initializing': conversion from 'float' to 'int', possible loss of data
  (compiling source file 'Game.cpp')
  
D:\VelocityVortex\Game.cpp(85,51): warning C4244: 'initializing': conversion from 'double' to 'int', possible loss of data
D:\VelocityVortex\Game.cpp(188,90): warning C4244: '=': conversion from 'float' to 'int', possible loss of data
D:\VelocityVortex\Game.cpp(189,89): warning C4244: '=': conversion from 'float' to 'int', possible loss of data
D:\VelocityVortex\Game.cpp(220,54): warning C4244: '+=': conversion from 'float' to 'int', possible loss of data
D:\VelocityVortex\Game.cpp(224,44): warning C4244: '+=': conversion from 'float' to 'int', possible loss of data
D:\VelocityVortex\Game.cpp(227,28): warning C4244: '+=': conversion from 'float' to 'int', possible loss of data
D:\VelocityVortex\Game.cpp(299,24): warning C4305: '+=': truncation from 'double' to 'float'
  Menu.cpp
D:\VelocityVortex\Menu.cpp(53,51): warning C4244: 'initializing': conversion from 'double' to 'int', possible loss of data
D:\VelocityVortex\Menu.cpp(54,51): warning C4244: 'initializing': conversion from 'double' to 'int', possible loss of data
D:\VelocityVortex\Menu.cpp(50,18): warning C4101: 'bgimage': unreferenced local variable
  VelocityVortex.cpp
  Generating code
  Previous IPDB not found, fall back to full compilation.
  All 185 functions were compiled because no usable IPDB/IOBJ from previous compilation was found.
  Finished generating code
  VelocityVortex.vcxproj -> D:\VelocityVortex\x64\Release\VelocityVortex.exe
